<?xml version="1.0" encoding="UTF-8"?>
<testng-results ignored="0" total="1" passed="1" failed="0" skipped="0">
  <reporter-output>
  </reporter-output>
  <suite started-at="2022-09-16T10:48:51Z" name="Suite" finished-at="2022-09-16T10:48:55Z" duration-ms="4105">
    <groups>
    </groups>
    <test started-at="2022-09-16T10:48:51Z" name="Test" finished-at="2022-09-16T10:48:55Z" duration-ms="4105">
      <class name="googleSearch.GoogleSearch">
        <test-method is-config="true" signature="beforeClass(java.lang.String)[pri:0, instance:googleSearch.GoogleSearch@5c1a8622]" started-at="2022-09-16T10:48:51Z" name="beforeClass" finished-at="2022-09-16T10:48:53Z" duration-ms="2455" status="PASS">
          <params>
            <param index="0">
              <value>
                <![CDATA[chrome]]>
              </value>
            </param>
          </params>
          <reporter-output>
          </reporter-output>
        </test-method> <!-- beforeClass -->
        <test-method signature="Google_Search()[pri:0, instance:googleSearch.GoogleSearch@5c1a8622]" started-at="2022-09-16T10:48:53Z" name="Google_Search" finished-at="2022-09-16T10:48:55Z" duration-ms="1502" status="PASS">
          <reporter-output>
          </reporter-output>
        </test-method> <!-- Google_Search -->
        <test-method is-config="true" signature="afterClass()[pri:0, instance:googleSearch.GoogleSearch@5c1a8622]" started-at="2022-09-16T10:48:55Z" name="afterClass" finished-at="2022-09-16T10:48:55Z" duration-ms="133" status="PASS">
          <reporter-output>
          </reporter-output>
        </test-method> <!-- afterClass -->
      </class> <!-- googleSearch.GoogleSearch -->
    </test> <!-- Test -->
  </suite> <!-- Suite -->
</testng-results>
